# JRE version: Java(TM) SE Runtime Environment (8.0_111-b14) (build 1.8.0_111-b14)
# Java VM: Java HotSpot(TM) 64-Bit Server VM (25.111-b14 mixed mode bsd-amd64 compressed oops)
Heap:
 PSYoungGen      total 207360K, used 158748K [0x00000007b0000000, 0x00000007c0000000, 0x00000007c0000000)
  eden space 161792K, 69% used [0x00000007b0000000,0x00000007b6e8d160,0x00000007b9e00000)
  from space 45568K, 99% used [0x00000007ba000000,0x00000007bcc7a228,0x00000007bcc80000)
  to   space 52736K, 0% used [0x00000007bcc80000,0x00000007bcc80000,0x00000007c0000000)
 ParOldGen       total 524288K, used 92495K [0x0000000790000000, 0x00000007b0000000, 0x00000007b0000000)
  object space 524288K, 17% used [0x0000000790000000,0x0000000795a53e50,0x00000007b0000000)
 Metaspace       used 83059K, capacity 85824K, committed 86016K, reserved 1124352K
  class space    used 9928K, capacity 10711K, committed 10752K, reserved 1048576K
GC Heap History (10 events):
Event: 1677.750 GC heap before
{Heap before GC invocations=32 (full 3):
 PSYoungGen      total 216576K, used 216573K [0x00000007b0000000, 0x00000007c0000000, 0x00000007c0000000)
  eden space 181248K, 100% used [0x00000007b0000000,0x00000007bb100000,0x00000007bb100000)
  from space 35328K, 99% used [0x00000007bdd80000,0x00000007bffff7a0,0x00000007c0000000)
  to   space 40448K, 0% used [0x00000007bb100000,0x00000007bb100000,0x00000007bd880000)
 ParOldGen       total 524288K, used 84955K [0x0000000790000000, 0x00000007b0000000, 0x00000007b0000000)
  object space 524288K, 16% used [0x0000000790000000,0x00000007952f6f60,0x00000007b0000000)
 Metaspace       used 73251K, capacity 75406K, committed 75520K, reserved 1114112K
  class space    used 9274K, capacity 9912K, committed 9984K, reserved 1048576K
Event: 1677.949 GC heap after
Heap after GC invocations=32 (full 3):
 PSYoungGen      total 207872K, used 26401K [0x00000007b0000000, 0x00000007c0000000, 0x00000007c0000000)
  eden space 181248K, 0% used [0x00000007b0000000,0x00000007b0000000,0x00000007bb100000)
  from space 26624K, 99% used [0x00000007bb100000,0x00000007bcac8568,0x00000007bcb00000)
  to   space 40960K, 0% used [0x00000007bd800000,0x00000007bd800000,0x00000007c0000000)
 ParOldGen       total 524288K, used 92463K [0x0000000790000000, 0x00000007b0000000, 0x00000007b0000000)
  object space 524288K, 17% used [0x0000000790000000,0x0000000795a4be50,0x00000007b0000000)
 Metaspace       used 73251K, capacity 75406K, committed 75520K, reserved 1114112K
  class space    used 9274K, capacity 9912K, committed 9984K, reserved 1048576K
}
Event: 7294.222 GC heap before
{Heap before GC invocations=33 (full 3):
 PSYoungGen      total 207872K, used 207649K [0x00000007b0000000, 0x00000007c0000000, 0x00000007c0000000)
  eden space 181248K, 100% used [0x00000007b0000000,0x00000007bb100000,0x00000007bb100000)
  from space 26624K, 99% used [0x00000007bb100000,0x00000007bcac8568,0x00000007bcb00000)
  to   space 40960K, 0% used [0x00000007bd800000,0x00000007bd800000,0x00000007c0000000)
 ParOldGen       total 524288K, used 92463K [0x0000000790000000, 0x00000007b0000000, 0x00000007b0000000)
  object space 524288K, 17% used [0x0000000790000000,0x0000000795a4be50,0x00000007b0000000)
 Metaspace       used 73440K, capacity 75594K, committed 75776K, reserved 1116160K
  class space    used 9303K, capacity 9922K, committed 9984K, reserved 1048576K
Event: 7294.375 GC heap after
Heap after GC invocations=33 (full 3):
 PSYoungGen      total 219136K, used 27308K [0x00000007b0000000, 0x00000007c0000000, 0x00000007c0000000)
  eden space 178176K, 0% used [0x00000007b0000000,0x00000007b0000000,0x00000007bae00000)
  from space 40960K, 66% used [0x00000007bd800000,0x00000007bf2ab1e0,0x00000007c0000000)
  to   space 41984K, 0% used [0x00000007bae00000,0x00000007bae00000,0x00000007bd700000)
 ParOldGen       total 524288K, used 92471K [0x0000000790000000, 0x00000007b0000000, 0x00000007b0000000)
  object space 524288K, 17% used [0x0000000790000000,0x0000000795a4de50,0x00000007b0000000)
 Metaspace       used 73440K, capacity 75594K, committed 75776K, reserved 1116160K
  class space    used 9303K, capacity 9922K, committed 9984K, reserved 1048576K
}
Event: 7323.987 GC heap before
{Heap before GC invocations=34 (full 3):
 PSYoungGen      total 219136K, used 205484K [0x00000007b0000000, 0x00000007c0000000, 0x00000007c0000000)
  eden space 178176K, 100% used [0x00000007b0000000,0x00000007bae00000,0x00000007bae00000)
  from space 40960K, 66% used [0x00000007bd800000,0x00000007bf2ab1e0,0x00000007c0000000)
  to   space 41984K, 0% used [0x00000007bae00000,0x00000007bae00000,0x00000007bd700000)
 ParOldGen       total 524288K, used 92471K [0x0000000790000000, 0x00000007b0000000, 0x00000007b0000000)
  object space 524288K, 17% used [0x0000000790000000,0x0000000795a4de50,0x00000007b0000000)
 Metaspace       used 74428K, capacity 76944K, committed 77056K, reserved 1116160K
  class space    used 9469K, capacity 10191K, committed 10240K, reserved 1048576K
Event: 7324.045 GC heap after
Heap after GC invocations=34 (full 3):
 PSYoungGen      total 212992K, used 36635K [0x00000007b0000000, 0x00000007c0000000, 0x00000007c0000000)
  eden space 176128K, 0% used [0x00000007b0000000,0x00000007b0000000,0x00000007bac00000)
  from space 36864K, 99% used [0x00000007bae00000,0x00000007bd1c6d68,0x00000007bd200000)
  to   space 45568K, 0% used [0x00000007bd380000,0x00000007bd380000,0x00000007c0000000)
 ParOldGen       total 524288K, used 92479K [0x0000000790000000, 0x00000007b0000000, 0x00000007b0000000)
  object space 524288K, 17% used [0x0000000790000000,0x0000000795a4fe50,0x00000007b0000000)
 Metaspace       used 74428K, capacity 76944K, committed 77056K, reserved 1116160K
  class space    used 9469K, capacity 10191K, committed 10240K, reserved 1048576K
}
Event: 7483.643 GC heap before
{Heap before GC invocations=35 (full 3):
 PSYoungGen      total 212992K, used 212763K [0x00000007b0000000, 0x00000007c0000000, 0x00000007c0000000)
  eden space 176128K, 100% used [0x00000007b0000000,0x00000007bac00000,0x00000007bac00000)
  from space 36864K, 99% used [0x00000007bae00000,0x00000007bd1c6d68,0x00000007bd200000)
  to   space 45568K, 0% used [0x00000007bd380000,0x00000007bd380000,0x00000007c0000000)
 ParOldGen       total 524288K, used 92479K [0x0000000790000000, 0x00000007b0000000, 0x00000007b0000000)
  object space 524288K, 17% used [0x0000000790000000,0x0000000795a4fe50,0x00000007b0000000)
 Metaspace       used 75052K, capacity 77682K, committed 77824K, reserved 1116160K
  class space    used 9516K, capacity 10240K, committed 10240K, reserved 1048576K
Event: 7483.692 GC heap after
Heap after GC invocations=35 (full 3):
 PSYoungGen      total 209408K, used 37896K [0x00000007b0000000, 0x00000007c0000000, 0x00000007c0000000)
  eden space 163840K, 0% used [0x00000007b0000000,0x00000007b0000000,0x00000007ba000000)
  from space 45568K, 83% used [0x00000007bd380000,0x00000007bf8820b8,0x00000007c0000000)
  to   space 49152K, 0% used [0x00000007ba000000,0x00000007ba000000,0x00000007bd000000)
 ParOldGen       total 524288K, used 92487K [0x0000000790000000, 0x00000007b0000000, 0x00000007b0000000)
  object space 524288K, 17% used [0x0000000790000000,0x0000000795a51e50,0x00000007b0000000)
 Metaspace       used 75052K, capacity 77682K, committed 77824K, reserved 1116160K
  class space    used 9516K, capacity 10240K, committed 10240K, reserved 1048576K
}
Event: 7543.137 GC heap before
{Heap before GC invocations=36 (full 3):
 PSYoungGen      total 209408K, used 201736K [0x00000007b0000000, 0x00000007c0000000, 0x00000007c0000000)
  eden space 163840K, 100% used [0x00000007b0000000,0x00000007ba000000,0x00000007ba000000)
  from space 45568K, 83% used [0x00000007bd380000,0x00000007bf8820b8,0x00000007c0000000)
  to   space 49152K, 0% used [0x00000007ba000000,0x00000007ba000000,0x00000007bd000000)
 ParOldGen       total 524288K, used 92487K [0x0000000790000000, 0x00000007b0000000, 0x00000007b0000000)
  object space 524288K, 17% used [0x0000000790000000,0x0000000795a51e50,0x00000007b0000000)
 Metaspace       used 79291K, capacity 81970K, committed 82176K, reserved 1120256K
  class space    used 9730K, capacity 10484K, committed 10496K, reserved 1048576K
Event: 7543.424 GC heap after
Heap after GC invocations=36 (full 3):
 PSYoungGen      total 207360K, used 45544K [0x00000007b0000000, 0x00000007c0000000, 0x00000007c0000000)
  eden space 161792K, 0% used [0x00000007b0000000,0x00000007b0000000,0x00000007b9e00000)
  from space 45568K, 99% used [0x00000007ba000000,0x00000007bcc7a228,0x00000007bcc80000)
  to   space 52736K, 0% used [0x00000007bcc80000,0x00000007bcc80000,0x00000007c0000000)
 ParOldGen       total 524288K, used 92495K [0x0000000790000000, 0x00000007b0000000, 0x00000007b0000000)
  object space 524288K, 17% used [0x0000000790000000,0x0000000795a53e50,0x00000007b0000000)
 Metaspace       used 79291K, capacity 81970K, committed 82176K, reserved 1120256K
  class space    used 9730K, capacity 10484K, committed 10496K, reserved 1048576K
}

